-------------------------------------------------------------------------------
Test set: com.Notifications.EmalServiceApplicationTests
-------------------------------------------------------------------------------
Tests run: 2, Failures: 0, Errors: 2, Skipped: 0, Time elapsed: 4.388 s <<< FAILURE! - in com.Notifications.EmalServiceApplicationTests
sendEmail  Time elapsed: 0.001 s  <<< ERROR!
java.lang.IllegalStateException: Failed to load ApplicationContext
Caused by: org.springframework.beans.factory.UnsatisfiedDependencyException: Error creating bean with name 'notificationController' defined in file [C:\Users\pante\IdeaProjects\sksecondproject\Notification\target\classes\com\Notifications\controller\NotificationController.class]: Unsatisfied dependency expressed through constructor parameter 0; nested exception is org.springframework.beans.factory.UnsatisfiedDependencyException: Error creating bean with name 'notifikacijaServiceImpl' defined in file [C:\Users\pante\IdeaProjects\sksecondproject\Notification\target\classes\com\Notifications\service\impl\NotifikacijaServiceImpl.class]: Unsatisfied dependency expressed through constructor parameter 0; nested exception is org.springframework.beans.factory.BeanCreationException: Error creating bean with name 'notificationRepository': Invocation of init method failed; nested exception is java.lang.IllegalArgumentException: Failed to create query for method public abstract java.util.Optional com.Notifications.repository.NotificationRepository.findByDatumSlanja(java.time.LocalDateTime,java.time.LocalDate)! At least 2 parameter(s) provided but only 1 parameter(s) present in query.
Caused by: org.springframework.beans.factory.UnsatisfiedDependencyException: Error creating bean with name 'notifikacijaServiceImpl' defined in file [C:\Users\pante\IdeaProjects\sksecondproject\Notification\target\classes\com\Notifications\service\impl\NotifikacijaServiceImpl.class]: Unsatisfied dependency expressed through constructor parameter 0; nested exception is org.springframework.beans.factory.BeanCreationException: Error creating bean with name 'notificationRepository': Invocation of init method failed; nested exception is java.lang.IllegalArgumentException: Failed to create query for method public abstract java.util.Optional com.Notifications.repository.NotificationRepository.findByDatumSlanja(java.time.LocalDateTime,java.time.LocalDate)! At least 2 parameter(s) provided but only 1 parameter(s) present in query.
Caused by: org.springframework.beans.factory.BeanCreationException: Error creating bean with name 'notificationRepository': Invocation of init method failed; nested exception is java.lang.IllegalArgumentException: Failed to create query for method public abstract java.util.Optional com.Notifications.repository.NotificationRepository.findByDatumSlanja(java.time.LocalDateTime,java.time.LocalDate)! At least 2 parameter(s) provided but only 1 parameter(s) present in query.
Caused by: java.lang.IllegalArgumentException: Failed to create query for method public abstract java.util.Optional com.Notifications.repository.NotificationRepository.findByDatumSlanja(java.time.LocalDateTime,java.time.LocalDate)! At least 2 parameter(s) provided but only 1 parameter(s) present in query.
Caused by: java.lang.IllegalArgumentException: At least 2 parameter(s) provided but only 1 parameter(s) present in query.

contextLoads  Time elapsed: 0 s  <<< ERROR!
java.lang.IllegalStateException: Failed to load ApplicationContext
Caused by: org.springframework.beans.factory.UnsatisfiedDependencyException: Error creating bean with name 'notificationController' defined in file [C:\Users\pante\IdeaProjects\sksecondproject\Notification\target\classes\com\Notifications\controller\NotificationController.class]: Unsatisfied dependency expressed through constructor parameter 0; nested exception is org.springframework.beans.factory.UnsatisfiedDependencyException: Error creating bean with name 'notifikacijaServiceImpl' defined in file [C:\Users\pante\IdeaProjects\sksecondproject\Notification\target\classes\com\Notifications\service\impl\NotifikacijaServiceImpl.class]: Unsatisfied dependency expressed through constructor parameter 0; nested exception is org.springframework.beans.factory.BeanCreationException: Error creating bean with name 'notificationRepository': Invocation of init method failed; nested exception is java.lang.IllegalArgumentException: Failed to create query for method public abstract java.util.Optional com.Notifications.repository.NotificationRepository.findByDatumSlanja(java.time.LocalDateTime,java.time.LocalDate)! At least 2 parameter(s) provided but only 1 parameter(s) present in query.
Caused by: org.springframework.beans.factory.UnsatisfiedDependencyException: Error creating bean with name 'notifikacijaServiceImpl' defined in file [C:\Users\pante\IdeaProjects\sksecondproject\Notification\target\classes\com\Notifications\service\impl\NotifikacijaServiceImpl.class]: Unsatisfied dependency expressed through constructor parameter 0; nested exception is org.springframework.beans.factory.BeanCreationException: Error creating bean with name 'notificationRepository': Invocation of init method failed; nested exception is java.lang.IllegalArgumentException: Failed to create query for method public abstract java.util.Optional com.Notifications.repository.NotificationRepository.findByDatumSlanja(java.time.LocalDateTime,java.time.LocalDate)! At least 2 parameter(s) provided but only 1 parameter(s) present in query.
Caused by: org.springframework.beans.factory.BeanCreationException: Error creating bean with name 'notificationRepository': Invocation of init method failed; nested exception is java.lang.IllegalArgumentException: Failed to create query for method public abstract java.util.Optional com.Notifications.repository.NotificationRepository.findByDatumSlanja(java.time.LocalDateTime,java.time.LocalDate)! At least 2 parameter(s) provided but only 1 parameter(s) present in query.
Caused by: java.lang.IllegalArgumentException: Failed to create query for method public abstract java.util.Optional com.Notifications.repository.NotificationRepository.findByDatumSlanja(java.time.LocalDateTime,java.time.LocalDate)! At least 2 parameter(s) provided but only 1 parameter(s) present in query.
Caused by: java.lang.IllegalArgumentException: At least 2 parameter(s) provided but only 1 parameter(s) present in query.

