<?xml version="1.0" encoding="UTF-8"?>
<testsuite xmlns:xsi="http://www.w3.org/2001/XMLSchema-instance" xsi:noNamespaceSchemaLocation="https://maven.apache.org/surefire/maven-surefire-plugin/xsd/surefire-test-report-3.0.xsd" version="3.0" name="com.User.CinemaUserServiceApplicationTests" time="9.425" tests="1" errors="0" skipped="0" failures="0">
  <properties>
[...]
</properties>
  <testcase name="contextLoads" classname="com.User.CinemaUserServiceApplicationTests" time="0.125">
    <system-out><![CDATA[Standard Commons Logging discovery in action with spring-jcl: please remove commons-logging.jar from classpath in order to avoid potential conflicts
18:30:18.496 [main] INFO org.springframework.test.context.support.AnnotationConfigContextLoaderUtils -- Could not detect default configuration classes for test class [com.User.CinemaUserServiceApplicationTests]: CinemaUserServiceApplicationTests does not declare any static, non-private, non-final, nested classes annotated with @Configuration.
18:30:18.610 [main] INFO org.springframework.boot.test.context.SpringBootTestContextBootstrapper -- Found @SpringBootConfiguration com.User.UserApplication for test class com.User.CinemaUserServiceApplicationTests

  .   ____          _            __ _ _
 /\\ / ___'_ __ _ _(_)_ __  __ _ \ \ \ \
( ( )\___ | '_ | '_| | '_ \/ _` | \ \ \ \
 \\/  ___)| |_)| | | | | || (_| |  ) ) ) )
  '  |____| .__|_| |_|_| |_\__, | / / / /
 =========|_|==============|___/=/_/_/_/
 :: Spring Boot ::                (v3.1.2)

2024-01-06T18:30:20.063+01:00  INFO 4220 --- [           main] c.U.CinemaUserServiceApplicationTests    : Starting CinemaUserServiceApplicationTests using Java 18.0.1.1 with PID 4220 (started by pante in C:\Users\pante\OneDrive\Desktop\sksecondproject\User)
2024-01-06T18:30:20.064+01:00  INFO 4220 --- [           main] c.U.CinemaUserServiceApplicationTests    : No active profile set, falling back to 1 default profile: "default"
2024-01-06T18:30:20.910+01:00  INFO 4220 --- [           main] .s.d.r.c.RepositoryConfigurationDelegate : Bootstrapping Spring Data JPA repositories in DEFAULT mode.
2024-01-06T18:30:21.054+01:00  INFO 4220 --- [           main] .s.d.r.c.RepositoryConfigurationDelegate : Finished Spring Data repository scanning in 138 ms. Found 4 JPA repository interfaces.
2024-01-06T18:30:21.259+01:00  INFO 4220 --- [           main] o.s.cloud.context.scope.GenericScope     : BeanFactory id=7827d940-f119-39e0-afc6-711137420f49
2024-01-06T18:30:21.667+01:00  INFO 4220 --- [           main] o.hibernate.jpa.internal.util.LogHelper  : HHH000204: Processing PersistenceUnitInfo [name: default]
2024-01-06T18:30:21.729+01:00  INFO 4220 --- [           main] org.hibernate.Version                    : HHH000412: Hibernate ORM core version 6.2.6.Final
2024-01-06T18:30:21.731+01:00  INFO 4220 --- [           main] org.hibernate.cfg.Environment            : HHH000406: Using bytecode reflection optimizer
2024-01-06T18:30:21.887+01:00  INFO 4220 --- [           main] o.h.b.i.BytecodeProviderInitiator        : HHH000021: Bytecode provider name : bytebuddy
2024-01-06T18:30:22.002+01:00  INFO 4220 --- [           main] o.s.o.j.p.SpringPersistenceUnitInfo      : No LoadTimeWeaver setup: ignoring JPA class transformer
2024-01-06T18:30:22.020+01:00  INFO 4220 --- [           main] com.zaxxer.hikari.HikariDataSource       : HikariPool-1 - Starting...
2024-01-06T18:30:22.115+01:00  INFO 4220 --- [           main] com.zaxxer.hikari.pool.HikariPool        : HikariPool-1 - Added connection org.mariadb.jdbc.Connection@d0a2c82
2024-01-06T18:30:22.118+01:00  INFO 4220 --- [           main] com.zaxxer.hikari.HikariDataSource       : HikariPool-1 - Start completed.
2024-01-06T18:30:22.200+01:00  WARN 4220 --- [           main] o.h.b.model.internal.AnnotationBinder    : HHH000503: A class should not be annotated with both @Inheritance and @MappedSuperclass. @Inheritance will be ignored for: com.User.domain.User.
2024-01-06T18:30:22.353+01:00  INFO 4220 --- [           main] o.h.b.i.BytecodeProviderInitiator        : HHH000021: Bytecode provider name : bytebuddy
2024-01-06T18:30:22.922+01:00  INFO 4220 --- [           main] o.h.e.t.j.p.i.JtaPlatformInitiator       : HHH000490: Using JtaPlatform implementation: [org.hibernate.engine.transaction.jta.platform.internal.NoJtaPlatform]
2024-01-06T18:30:23.281+01:00  INFO 4220 --- [           main] j.LocalContainerEntityManagerFactoryBean : Initialized JPA EntityManagerFactory for persistence unit 'default'
2024-01-06T18:30:23.964+01:00  WARN 4220 --- [           main] JpaBaseConfiguration$JpaWebConfiguration : spring.jpa.open-in-view is enabled by default. Therefore, database queries may be performed during view rendering. Explicitly configure spring.jpa.open-in-view to disable this warning
2024-01-06T18:30:25.301+01:00  INFO 4220 --- [           main] o.s.cloud.commons.util.InetUtils         : Cannot determine local hostname
2024-01-06T18:30:26.703+01:00  INFO 4220 --- [           main] o.s.cloud.commons.util.InetUtils         : Cannot determine local hostname
2024-01-06T18:30:26.723+01:00  INFO 4220 --- [           main] DiscoveryClientOptionalArgsConfiguration : Eureka HTTP Client uses RestTemplate.
2024-01-06T18:30:26.789+01:00  INFO 4220 --- [           main] o.s.b.a.e.web.EndpointLinksResolver      : Exposing 1 endpoint(s) beneath base path '/actuator'
2024-01-06T18:30:26.845+01:00  INFO 4220 --- [           main] o.s.c.n.eureka.InstanceInfoFactory       : Setting initial instance status as: STARTING
2024-01-06T18:30:26.902+01:00  INFO 4220 --- [           main] com.netflix.discovery.DiscoveryClient    : Initializing Eureka in region us-east-1
2024-01-06T18:30:26.906+01:00  INFO 4220 --- [           main] c.n.d.s.r.aws.ConfigClusterResolver      : Resolving eureka endpoints via configuration
2024-01-06T18:30:26.922+01:00  INFO 4220 --- [           main] com.netflix.discovery.DiscoveryClient    : Disable delta property : false
2024-01-06T18:30:26.923+01:00  INFO 4220 --- [           main] com.netflix.discovery.DiscoveryClient    : Single vip registry refresh property : null
2024-01-06T18:30:26.923+01:00  INFO 4220 --- [           main] com.netflix.discovery.DiscoveryClient    : Force full registry fetch : false
2024-01-06T18:30:26.923+01:00  INFO 4220 --- [           main] com.netflix.discovery.DiscoveryClient    : Application is null : false
2024-01-06T18:30:26.923+01:00  INFO 4220 --- [           main] com.netflix.discovery.DiscoveryClient    : Registered Applications size is zero : true
2024-01-06T18:30:26.923+01:00  INFO 4220 --- [           main] com.netflix.discovery.DiscoveryClient    : Application version is -1: true
2024-01-06T18:30:26.923+01:00  INFO 4220 --- [           main] com.netflix.discovery.DiscoveryClient    : Getting all instance registry info from the eureka server
2024-01-06T18:30:27.244+01:00  INFO 4220 --- [           main] com.netflix.discovery.DiscoveryClient    : The response status is 200
2024-01-06T18:30:27.247+01:00  INFO 4220 --- [           main] com.netflix.discovery.DiscoveryClient    : Starting heartbeat executor: renew interval is: 30
2024-01-06T18:30:27.249+01:00  INFO 4220 --- [           main] c.n.discovery.InstanceInfoReplicator     : InstanceInfoReplicator onDemand update allowed rate per min is 4
2024-01-06T18:30:27.253+01:00  INFO 4220 --- [           main] com.netflix.discovery.DiscoveryClient    : Discovery Client initialized at timestamp 1704562227252 with initial instances count: 3
2024-01-06T18:30:27.256+01:00  INFO 4220 --- [           main] o.s.c.n.e.s.EurekaServiceRegistry        : Registering application USERSERVICE with eureka with status UP
2024-01-06T18:30:27.256+01:00  INFO 4220 --- [           main] com.netflix.discovery.DiscoveryClient    : Saw local status change event StatusChangeEvent [timestamp=1704562227256, current=UP, previous=STARTING]
2024-01-06T18:30:27.258+01:00  INFO 4220 --- [nfoReplicator-0] com.netflix.discovery.DiscoveryClient    : DiscoveryClient_USERSERVICE/localhost:userservice:8888: registering service...
2024-01-06T18:30:27.309+01:00  INFO 4220 --- [nfoReplicator-0] com.netflix.discovery.DiscoveryClient    : DiscoveryClient_USERSERVICE/localhost:userservice:8888 - registration status: 204
2024-01-06T18:30:27.528+01:00  INFO 4220 --- [           main] c.U.CinemaUserServiceApplicationTests    : Started CinemaUserServiceApplicationTests in 8.773 seconds (process running for 9.734)
]]></system-out>
  </testcase>
</testsuite>